TN:
SF:src/config.ts
FN:5,(anonymous_0)
FN:43,readEnvVar
FN:49,config
FNF:3
FNH:3
FNDA:1,(anonymous_0)
FNDA:84,readEnvVar
FNDA:5,config
DA:5,1
DA:6,1
DA:7,1
DA:8,1
DA:33,1
DA:44,84
DA:45,8
DA:49,1
DA:50,5
DA:78,5
DA:79,0
DA:80,0
DA:82,0
DA:83,0
DA:86,5
DA:87,0
DA:88,0
DA:90,0
DA:91,0
DA:95,5
LF:20
LH:12
BRDA:5,0,0,1
BRDA:5,0,1,1
BRDA:44,1,0,8
BRDA:44,2,0,84
BRDA:44,2,1,8
BRDA:51,3,0,5
BRDA:51,3,1,4
BRDA:52,4,0,5
BRDA:52,4,1,5
BRDA:54,5,0,5
BRDA:54,5,1,5
BRDA:61,6,0,1
BRDA:61,6,1,4
BRDA:63,7,0,2
BRDA:63,7,1,2
BRDA:69,8,0,4
BRDA:69,8,1,1
BRDA:69,9,0,5
BRDA:69,9,1,5
BRDA:72,10,0,5
BRDA:72,10,1,5
BRDA:78,11,0,0
BRDA:78,12,0,5
BRDA:78,12,1,5
BRDA:82,13,0,0
BRDA:82,13,1,0
BRDA:86,14,0,0
BRDA:86,15,0,5
BRDA:86,15,1,5
BRDA:90,16,0,0
BRDA:90,16,1,0
BRF:31
BRH:25
end_of_record
TN:
SF:src/routes.ts
FN:12,handlePingExpress
FN:23,handleVersionInfo
FN:35,setupPingRoutes
FN:40,setupKeyGenRoutes
FN:49,setupRoutes
FN:57,(anonymous_6)
FN:67,promiseWrapper
FN:68,promWrapper
FNF:8
FNH:8
FNDA:1,handlePingExpress
FNDA:1,handleVersionInfo
FNDA:3,setupPingRoutes
FNDA:3,setupKeyGenRoutes
FNDA:3,setupRoutes
FNDA:1,(anonymous_6)
FNDA:6,promiseWrapper
FNDA:2,promWrapper
DA:5,1
DA:7,1
DA:13,1
DA:14,1
DA:24,1
DA:25,1
DA:36,3
DA:37,3
DA:42,3
DA:49,1
DA:51,3
DA:54,3
DA:57,3
DA:58,1
DA:63,3
DA:67,1
DA:68,6
DA:69,2
DA:70,2
DA:71,2
DA:72,2
DA:73,0
DA:74,0
DA:76,2
DA:79,0
DA:80,0
LF:26
LH:22
BRDA:72,0,0,0
BRDA:72,0,1,2
BRDA:72,1,0,2
BRDA:72,1,1,2
BRDA:72,1,2,2
BRDA:72,1,3,0
BRDA:80,2,0,0
BRDA:80,2,1,0
BRF:8
BRH:4
end_of_record
